Traceback (most recent call last):
  File "/home/gjouvet/anaconda3/envs/igm/lib/python3.10/site-packages/jupyter_cache/executors/utils.py", line 58, in single_nb_execution
    executenb(
  File "/home/gjouvet/anaconda3/envs/igm/lib/python3.10/site-packages/nbclient/client.py", line 1319, in execute
    return NotebookClient(nb=nb, resources=resources, km=km, **kwargs).execute()
  File "/home/gjouvet/anaconda3/envs/igm/lib/python3.10/site-packages/jupyter_core/utils/__init__.py", line 165, in wrapped
    return loop.run_until_complete(inner)
  File "/home/gjouvet/anaconda3/envs/igm/lib/python3.10/asyncio/base_events.py", line 649, in run_until_complete
    return future.result()
  File "/home/gjouvet/anaconda3/envs/igm/lib/python3.10/site-packages/nbclient/client.py", line 709, in async_execute
    await self.async_execute_cell(
  File "/home/gjouvet/anaconda3/envs/igm/lib/python3.10/site-packages/nbclient/client.py", line 1062, in async_execute_cell
    await self._check_raise_for_error(cell, cell_index, exec_reply)
  File "/home/gjouvet/anaconda3/envs/igm/lib/python3.10/site-packages/nbclient/client.py", line 918, in _check_raise_for_error
    raise CellExecutionError.from_cell_and_msg(cell, exec_reply_content)
nbclient.exceptions.CellExecutionError: An error occurred while executing the following cell:
------------------
from helper import *
animate_glacier_evolution('output.nc')
------------------


[0;31m---------------------------------------------------------------------------[0m
[0;31mKeyError[0m                                  Traceback (most recent call last)
File [0;32m~/anaconda3/envs/igm/lib/python3.10/site-packages/xarray/backends/file_manager.py:211[0m, in [0;36mCachingFileManager._acquire_with_cache_info[0;34m(self, needs_lock)[0m
[1;32m    210[0m [38;5;28;01mtry[39;00m:
[0;32m--> 211[0m     file [38;5;241m=[39m [38;5;28;43mself[39;49m[38;5;241;43m.[39;49m[43m_cache[49m[43m[[49m[38;5;28;43mself[39;49m[38;5;241;43m.[39;49m[43m_key[49m[43m][49m
[1;32m    212[0m [38;5;28;01mexcept[39;00m [38;5;167;01mKeyError[39;00m:

File [0;32m~/anaconda3/envs/igm/lib/python3.10/site-packages/xarray/backends/lru_cache.py:56[0m, in [0;36mLRUCache.__getitem__[0;34m(self, key)[0m
[1;32m     55[0m [38;5;28;01mwith[39;00m [38;5;28mself[39m[38;5;241m.[39m_lock:
[0;32m---> 56[0m     value [38;5;241m=[39m [38;5;28;43mself[39;49m[38;5;241;43m.[39;49m[43m_cache[49m[43m[[49m[43mkey[49m[43m][49m
[1;32m     57[0m     [38;5;28mself[39m[38;5;241m.[39m_cache[38;5;241m.[39mmove_to_end(key)

[0;31mKeyError[0m: [<class 'netCDF4._netCDF4.Dataset'>, ('/media/gjouvet/storage/Dropbox/home/teaching/25-glacier-modelling/glamod/04_notebook/output.nc',), 'r', (('clobber', True), ('diskless', False), ('format', 'NETCDF4'), ('persist', False)), '4f59afb7-1f8e-4a23-894b-bc9972162059']

During handling of the above exception, another exception occurred:

[0;31mFileNotFoundError[0m                         Traceback (most recent call last)
Cell [0;32mIn[5], line 2[0m
[1;32m      1[0m [38;5;28;01mfrom[39;00m[38;5;250m [39m[38;5;21;01mhelper[39;00m[38;5;250m [39m[38;5;28;01mimport[39;00m [38;5;241m*[39m
[0;32m----> 2[0m [43manimate_glacier_evolution[49m[43m([49m[38;5;124;43m'[39;49m[38;5;124;43moutput.nc[39;49m[38;5;124;43m'[39;49m[43m)[49m

File [0;32m/media/gjouvet/storage/Dropbox/home/teaching/25-glacier-modelling/glamod/04_notebook/helper.py:70[0m, in [0;36manimate_glacier_evolution[0;34m(nc_file)[0m
[1;32m     68[0m [38;5;28;01mdef[39;00m[38;5;250m [39m[38;5;21manimate_glacier_evolution[39m(nc_file[38;5;241m=[39m[38;5;124m'[39m[38;5;124moutput.nc[39m[38;5;124m'[39m):
[1;32m     69[0m     [38;5;66;03m# Load the dataset[39;00m
[0;32m---> 70[0m     ds [38;5;241m=[39m [43mxr[49m[38;5;241;43m.[39;49m[43mopen_dataset[49m[43m([49m[43mnc_file[49m[43m)[49m
[1;32m     72[0m     df [38;5;241m=[39m pd[38;5;241m.[39mread_csv([38;5;124m'[39m[38;5;124mSamples_2024.csv[39m[38;5;124m'[39m)
[1;32m     73[0m     [38;5;28mid[39m [38;5;241m=[39m [38;5;28mlist[39m(df[38;5;241m.[39miloc[:, [38;5;241m0[39m])

File [0;32m~/anaconda3/envs/igm/lib/python3.10/site-packages/xarray/backends/api.py:686[0m, in [0;36mopen_dataset[0;34m(filename_or_obj, engine, chunks, cache, decode_cf, mask_and_scale, decode_times, decode_timedelta, use_cftime, concat_characters, decode_coords, drop_variables, inline_array, chunked_array_type, from_array_kwargs, backend_kwargs, **kwargs)[0m
[1;32m    674[0m decoders [38;5;241m=[39m _resolve_decoders_kwargs(
[1;32m    675[0m     decode_cf,
[1;32m    676[0m     open_backend_dataset_parameters[38;5;241m=[39mbackend[38;5;241m.[39mopen_dataset_parameters,
[0;32m   (...)[0m
[1;32m    682[0m     decode_coords[38;5;241m=[39mdecode_coords,
[1;32m    683[0m )
[1;32m    685[0m overwrite_encoded_chunks [38;5;241m=[39m kwargs[38;5;241m.[39mpop([38;5;124m"[39m[38;5;124moverwrite_encoded_chunks[39m[38;5;124m"[39m, [38;5;28;01mNone[39;00m)
[0;32m--> 686[0m backend_ds [38;5;241m=[39m [43mbackend[49m[38;5;241;43m.[39;49m[43mopen_dataset[49m[43m([49m
[1;32m    687[0m [43m    [49m[43mfilename_or_obj[49m[43m,[49m
[1;32m    688[0m [43m    [49m[43mdrop_variables[49m[38;5;241;43m=[39;49m[43mdrop_variables[49m[43m,[49m
[1;32m    689[0m [43m    [49m[38;5;241;43m*[39;49m[38;5;241;43m*[39;49m[43mdecoders[49m[43m,[49m
[1;32m    690[0m [43m    [49m[38;5;241;43m*[39;49m[38;5;241;43m*[39;49m[43mkwargs[49m[43m,[49m
[1;32m    691[0m [43m[49m[43m)[49m
[1;32m    692[0m ds [38;5;241m=[39m _dataset_from_backend_dataset(
[1;32m    693[0m     backend_ds,
[1;32m    694[0m     filename_or_obj,
[0;32m   (...)[0m
[1;32m    704[0m     [38;5;241m*[39m[38;5;241m*[39mkwargs,
[1;32m    705[0m )
[1;32m    706[0m [38;5;28;01mreturn[39;00m ds

File [0;32m~/anaconda3/envs/igm/lib/python3.10/site-packages/xarray/backends/netCDF4_.py:666[0m, in [0;36mNetCDF4BackendEntrypoint.open_dataset[0;34m(self, filename_or_obj, mask_and_scale, decode_times, concat_characters, decode_coords, drop_variables, use_cftime, decode_timedelta, group, mode, format, clobber, diskless, persist, auto_complex, lock, autoclose)[0m
[1;32m    644[0m [38;5;28;01mdef[39;00m[38;5;250m [39m[38;5;21mopen_dataset[39m(
[1;32m    645[0m     [38;5;28mself[39m,
[1;32m    646[0m     filename_or_obj: [38;5;28mstr[39m [38;5;241m|[39m os[38;5;241m.[39mPathLike[Any] [38;5;241m|[39m ReadBuffer [38;5;241m|[39m AbstractDataStore,
[0;32m   (...)[0m
[1;32m    663[0m     autoclose[38;5;241m=[39m[38;5;28;01mFalse[39;00m,
[1;32m    664[0m ) [38;5;241m-[39m[38;5;241m>[39m Dataset:
[1;32m    665[0m     filename_or_obj [38;5;241m=[39m _normalize_path(filename_or_obj)
[0;32m--> 666[0m     store [38;5;241m=[39m [43mNetCDF4DataStore[49m[38;5;241;43m.[39;49m[43mopen[49m[43m([49m
[1;32m    667[0m [43m        [49m[43mfilename_or_obj[49m[43m,[49m
[1;32m    668[0m [43m        [49m[43mmode[49m[38;5;241;43m=[39;49m[43mmode[49m[43m,[49m
[1;32m    669[0m [43m        [49m[38;5;28;43mformat[39;49m[38;5;241;43m=[39;49m[38;5;28;43mformat[39;49m[43m,[49m
[1;32m    670[0m [43m        [49m[43mgroup[49m[38;5;241;43m=[39;49m[43mgroup[49m[43m,[49m
[1;32m    671[0m [43m        [49m[43mclobber[49m[38;5;241;43m=[39;49m[43mclobber[49m[43m,[49m
[1;32m    672[0m [43m        [49m[43mdiskless[49m[38;5;241;43m=[39;49m[43mdiskless[49m[43m,[49m
[1;32m    673[0m [43m        [49m[43mpersist[49m[38;5;241;43m=[39;49m[43mpersist[49m[43m,[49m
[1;32m    674[0m [43m        [49m[43mauto_complex[49m[38;5;241;43m=[39;49m[43mauto_complex[49m[43m,[49m
[1;32m    675[0m [43m        [49m[43mlock[49m[38;5;241;43m=[39;49m[43mlock[49m[43m,[49m
[1;32m    676[0m [43m        [49m[43mautoclose[49m[38;5;241;43m=[39;49m[43mautoclose[49m[43m,[49m
[1;32m    677[0m [43m    [49m[43m)[49m
[1;32m    679[0m     store_entrypoint [38;5;241m=[39m StoreBackendEntrypoint()
[1;32m    680[0m     [38;5;28;01mwith[39;00m close_on_error(store):

File [0;32m~/anaconda3/envs/igm/lib/python3.10/site-packages/xarray/backends/netCDF4_.py:452[0m, in [0;36mNetCDF4DataStore.open[0;34m(cls, filename, mode, format, group, clobber, diskless, persist, auto_complex, lock, lock_maker, autoclose)[0m
[1;32m    448[0m     kwargs[[38;5;124m"[39m[38;5;124mauto_complex[39m[38;5;124m"[39m] [38;5;241m=[39m auto_complex
[1;32m    449[0m manager [38;5;241m=[39m CachingFileManager(
[1;32m    450[0m     netCDF4[38;5;241m.[39mDataset, filename, mode[38;5;241m=[39mmode, kwargs[38;5;241m=[39mkwargs
[1;32m    451[0m )
[0;32m--> 452[0m [38;5;28;01mreturn[39;00m [38;5;28;43mcls[39;49m[43m([49m[43mmanager[49m[43m,[49m[43m [49m[43mgroup[49m[38;5;241;43m=[39;49m[43mgroup[49m[43m,[49m[43m [49m[43mmode[49m[38;5;241;43m=[39;49m[43mmode[49m[43m,[49m[43m [49m[43mlock[49m[38;5;241;43m=[39;49m[43mlock[49m[43m,[49m[43m [49m[43mautoclose[49m[38;5;241;43m=[39;49m[43mautoclose[49m[43m)[49m

File [0;32m~/anaconda3/envs/igm/lib/python3.10/site-packages/xarray/backends/netCDF4_.py:393[0m, in [0;36mNetCDF4DataStore.__init__[0;34m(self, manager, group, mode, lock, autoclose)[0m
[1;32m    391[0m [38;5;28mself[39m[38;5;241m.[39m_group [38;5;241m=[39m group
[1;32m    392[0m [38;5;28mself[39m[38;5;241m.[39m_mode [38;5;241m=[39m mode
[0;32m--> 393[0m [38;5;28mself[39m[38;5;241m.[39mformat [38;5;241m=[39m [38;5;28;43mself[39;49m[38;5;241;43m.[39;49m[43mds[49m[38;5;241m.[39mdata_model
[1;32m    394[0m [38;5;28mself[39m[38;5;241m.[39m_filename [38;5;241m=[39m [38;5;28mself[39m[38;5;241m.[39mds[38;5;241m.[39mfilepath()
[1;32m    395[0m [38;5;28mself[39m[38;5;241m.[39mis_remote [38;5;241m=[39m is_remote_uri([38;5;28mself[39m[38;5;241m.[39m_filename)

File [0;32m~/anaconda3/envs/igm/lib/python3.10/site-packages/xarray/backends/netCDF4_.py:461[0m, in [0;36mNetCDF4DataStore.ds[0;34m(self)[0m
[1;32m    459[0m [38;5;129m@property[39m
[1;32m    460[0m [38;5;28;01mdef[39;00m[38;5;250m [39m[38;5;21mds[39m([38;5;28mself[39m):
[0;32m--> 461[0m     [38;5;28;01mreturn[39;00m [38;5;28;43mself[39;49m[38;5;241;43m.[39;49m[43m_acquire[49m[43m([49m[43m)[49m

File [0;32m~/anaconda3/envs/igm/lib/python3.10/site-packages/xarray/backends/netCDF4_.py:455[0m, in [0;36mNetCDF4DataStore._acquire[0;34m(self, needs_lock)[0m
[1;32m    454[0m [38;5;28;01mdef[39;00m[38;5;250m [39m[38;5;21m_acquire[39m([38;5;28mself[39m, needs_lock[38;5;241m=[39m[38;5;28;01mTrue[39;00m):
[0;32m--> 455[0m     [38;5;28;01mwith[39;00m [38;5;28mself[39m[38;5;241m.[39m_manager[38;5;241m.[39macquire_context(needs_lock) [38;5;28;01mas[39;00m root:
[1;32m    456[0m         ds [38;5;241m=[39m _nc4_require_group(root, [38;5;28mself[39m[38;5;241m.[39m_group, [38;5;28mself[39m[38;5;241m.[39m_mode)
[1;32m    457[0m     [38;5;28;01mreturn[39;00m ds

File [0;32m~/anaconda3/envs/igm/lib/python3.10/contextlib.py:135[0m, in [0;36m_GeneratorContextManager.__enter__[0;34m(self)[0m
[1;32m    133[0m [38;5;28;01mdel[39;00m [38;5;28mself[39m[38;5;241m.[39margs, [38;5;28mself[39m[38;5;241m.[39mkwds, [38;5;28mself[39m[38;5;241m.[39mfunc
[1;32m    134[0m [38;5;28;01mtry[39;00m:
[0;32m--> 135[0m     [38;5;28;01mreturn[39;00m [38;5;28;43mnext[39;49m[43m([49m[38;5;28;43mself[39;49m[38;5;241;43m.[39;49m[43mgen[49m[43m)[49m
[1;32m    136[0m [38;5;28;01mexcept[39;00m [38;5;167;01mStopIteration[39;00m:
[1;32m    137[0m     [38;5;28;01mraise[39;00m [38;5;167;01mRuntimeError[39;00m([38;5;124m"[39m[38;5;124mgenerator didn[39m[38;5;124m'[39m[38;5;124mt yield[39m[38;5;124m"[39m) [38;5;28;01mfrom[39;00m[38;5;250m [39m[38;5;28;01mNone[39;00m

File [0;32m~/anaconda3/envs/igm/lib/python3.10/site-packages/xarray/backends/file_manager.py:199[0m, in [0;36mCachingFileManager.acquire_context[0;34m(self, needs_lock)[0m
[1;32m    196[0m [38;5;129m@contextlib[39m[38;5;241m.[39mcontextmanager
[1;32m    197[0m [38;5;28;01mdef[39;00m[38;5;250m [39m[38;5;21macquire_context[39m([38;5;28mself[39m, needs_lock[38;5;241m=[39m[38;5;28;01mTrue[39;00m):
[1;32m    198[0m [38;5;250m    [39m[38;5;124;03m"""Context manager for acquiring a file."""[39;00m
[0;32m--> 199[0m     file, cached [38;5;241m=[39m [38;5;28;43mself[39;49m[38;5;241;43m.[39;49m[43m_acquire_with_cache_info[49m[43m([49m[43mneeds_lock[49m[43m)[49m
[1;32m    200[0m     [38;5;28;01mtry[39;00m:
[1;32m    201[0m         [38;5;28;01myield[39;00m file

File [0;32m~/anaconda3/envs/igm/lib/python3.10/site-packages/xarray/backends/file_manager.py:217[0m, in [0;36mCachingFileManager._acquire_with_cache_info[0;34m(self, needs_lock)[0m
[1;32m    215[0m     kwargs [38;5;241m=[39m kwargs[38;5;241m.[39mcopy()
[1;32m    216[0m     kwargs[[38;5;124m"[39m[38;5;124mmode[39m[38;5;124m"[39m] [38;5;241m=[39m [38;5;28mself[39m[38;5;241m.[39m_mode
[0;32m--> 217[0m file [38;5;241m=[39m [38;5;28;43mself[39;49m[38;5;241;43m.[39;49m[43m_opener[49m[43m([49m[38;5;241;43m*[39;49m[38;5;28;43mself[39;49m[38;5;241;43m.[39;49m[43m_args[49m[43m,[49m[43m [49m[38;5;241;43m*[39;49m[38;5;241;43m*[39;49m[43mkwargs[49m[43m)[49m
[1;32m    218[0m [38;5;28;01mif[39;00m [38;5;28mself[39m[38;5;241m.[39m_mode [38;5;241m==[39m [38;5;124m"[39m[38;5;124mw[39m[38;5;124m"[39m:
[1;32m    219[0m     [38;5;66;03m# ensure file doesn't get overridden when opened again[39;00m
[1;32m    220[0m     [38;5;28mself[39m[38;5;241m.[39m_mode [38;5;241m=[39m [38;5;124m"[39m[38;5;124ma[39m[38;5;124m"[39m

File [0;32msrc/netCDF4/_netCDF4.pyx:2353[0m, in [0;36mnetCDF4._netCDF4.Dataset.__init__[0;34m()[0m

File [0;32msrc/netCDF4/_netCDF4.pyx:1963[0m, in [0;36mnetCDF4._netCDF4._ensure_nc_success[0;34m()[0m

[0;31mFileNotFoundError[0m: [Errno 2] No such file or directory: b'/media/gjouvet/storage/Dropbox/home/teaching/25-glacier-modelling/glamod/04_notebook/output.nc'

